2020-08-24 11:47:52.265  INFO 7864 --- [main] lavalink.server.Launcher                 : 

[32m       .  [31m _                  _ _       _    [32m__ _ _
[32m      /\\ [31m| | __ ___   ____ _| (_)_ __ | | __[32m\ \ \ \
[32m     ( ( )[31m| |/ _` \ \ / / _` | | | '_ \| |/ /[32m \ \ \ \
[32m      \\/ [31m| | (_| |\ V / (_| | | | | | |   < [32m  ) ) ) )
[32m       '  [31m|_|\__,_| \_/ \__,_|_|_|_| |_|_|\_\[32m / / / /
[0m    =========================================[32m/_/_/_/[0m

	Version:        3.3.1.1
	Build:          1075
	Build time:     13.07.2020 09:09:23 UTC
	Branch          master
	Commit:         f6a1a2a
	Commit time:    13.07.2020 09:04:37 UTC
	JVM:            11
	Lavaplayer      1.3.50

2020-08-24 11:47:52.461  INFO 7864 --- [main] lavalink.server.Launcher                 : Starting Launcher on Tocka-Waifu with PID 7864 (C:\Users\Pichau\Desktop\ep9\Lavalink.jar started by Pichau in C:\Users\Pichau\Desktop\ep9)
2020-08-24 11:47:52.461  INFO 7864 --- [main] lavalink.server.Launcher                 : No active profile set, falling back to default profiles: default
2020-08-24 11:47:52.540  WARN 7864 --- [background-preinit] o.s.h.c.j.Jackson2ObjectMapperBuilder    : For Jackson Kotlin classes support please add "com.fasterxml.jackson.module:jackson-module-kotlin" to the classpath
2020-08-24 11:47:53.674  WARN 7864 --- [main] io.undertow.websockets.jsr               : UT026010: Buffer pool was not set on WebSocketDeploymentInfo, the default pool will be used
2020-08-24 11:47:53.689  INFO 7864 --- [main] io.undertow.servlet                      : Initializing Spring embedded WebApplicationContext
2020-08-24 11:47:53.689  INFO 7864 --- [main] o.s.web.context.ContextLoader            : Root WebApplicationContext: initialization completed in 1182 ms
2020-08-24 11:47:54.079  WARN 7864 --- [main] l.server.config.SentryConfiguration      : Turning off sentry
2020-08-24 11:47:54.109  INFO 7864 --- [main] l.s.c.AudioSendFactoryConfiguration      : OS: Windows 10, Arch: amd64
2020-08-24 11:47:54.109  INFO 7864 --- [main] l.s.c.AudioSendFactoryConfiguration      : JDA-NAS supported system detected. Enabled native audio sending.
2020-08-24 11:47:54.109  INFO 7864 --- [main] l.s.c.AudioSendFactoryConfiguration      : Setting buffer to 400ms
2020-08-24 11:47:54.109  INFO 7864 --- [main] l.s.c.AudioSendFactoryConfiguration      : Setting playlist load limit to 6
2020-08-24 11:47:54.490  INFO 7864 --- [main] c.s.d.l.tools.GarbageCollectionMonitor   : GC monitoring enabled, reporting results every 2 minutes.
2020-08-24 11:47:54.849  INFO 7864 --- [main] o.s.s.concurrent.ThreadPoolTaskExecutor  : Initializing ExecutorService 'applicationTaskExecutor'
2020-08-24 11:47:55.137  INFO 7864 --- [main] org.xnio                                 : XNIO version 3.3.8.Final
2020-08-24 11:47:55.150  INFO 7864 --- [main] org.xnio.nio                             : XNIO NIO Implementation Version 3.3.8.Final
2020-08-24 11:47:55.199  INFO 7864 --- [main] o.s.b.w.e.u.UndertowServletWebServer     : Undertow started on port(s) 2333 (http) with context path ''
2020-08-24 11:47:55.209  INFO 7864 --- [main] lavalink.server.Launcher                 : Started Launcher in 3.839 seconds (JVM running for 4.976)
2020-08-24 11:47:58.677  INFO 7864 --- [XNIO-1 task-1] io.undertow.servlet                      : Initializing Spring DispatcherServlet 'dispatcherServlet'
2020-08-24 11:47:58.690  INFO 7864 --- [XNIO-1 task-1] o.s.web.servlet.DispatcherServlet        : Initializing Servlet 'dispatcherServlet'
2020-08-24 11:47:58.690  INFO 7864 --- [XNIO-1 task-1] o.s.web.servlet.DispatcherServlet        : Completed initialization in 0 ms
2020-08-24 11:47:58.707  INFO 7864 --- [XNIO-1 task-1] l.server.io.HandshakeInterceptorImpl     : Incoming connection from /127.0.0.1:49875
2020-08-24 11:47:58.851  INFO 7864 --- [XNIO-1 task-1] lavalink.server.io.SocketServer          : Connection successfully established from /127.0.0.1:49875
2020-08-24 11:50:18.901  INFO 7864 --- [XNIO-1 I/O-3] lavalink.server.io.SocketServer          : Connection closed from /127.0.0.1:49875 -- CloseStatus[code=1006, reason=]
2020-08-24 11:50:18.901  INFO 7864 --- [XNIO-1 I/O-3] lavalink.server.io.SocketContext         : Shutting down 0 playing players.
2020-08-24 11:50:19.918  INFO 7864 --- [XNIO-1 task-2] l.server.io.HandshakeInterceptorImpl     : Incoming connection from /127.0.0.1:49888
2020-08-24 11:50:19.922  INFO 7864 --- [XNIO-1 task-2] lavalink.server.io.SocketServer          : Connection successfully established from /127.0.0.1:49888
2020-08-24 11:50:32.616  INFO 7864 --- [XNIO-1 I/O-4] lavalink.server.io.SocketServer          : {"sessionId":"75c56f1635887b9fa061e00c96a4b1a9","op":"voiceUpdate","guildId":"723188220598419597","event":{"token":"1d95da3bb77d7804","guild_id":"723188220598419597","endpoint":"brazil166.discord.media:80"}}
2020-08-24 11:50:32.660  INFO 7864 --- [parallel-3] com.jcabi.manifests.Manifests            : 73 attributes loaded from 84 stream(s) in 25ms, 73 saved, 1240 ignored: ["Ant-Version", "Archiver-Version", "Automatic-Module-Name", "Bnd-LastModified", "Build-Jdk", "Build-Jdk-Spec", "Build-Time", "Built-By", "Bundle-ActivationPolicy", "Bundle-Activator", "Bundle-Category", "Bundle-Description", "Bundle-DocURL", "Bundle-License", "Bundle-ManifestVersion", "Bundle-Name", "Bundle-NativeCode", "Bundle-RequiredExecutionEnvironment", "Bundle-SymbolicName", "Bundle-Vendor", "Bundle-Version", "Copyright", "Created-By", "Export-Package", "Extension-Name", "Git-Revision", "Implementation-Build", "Implementation-Build-Date", "Implementation-Title", "Implementation-URL", "Implementation-Vendor", "Implementation-Vendor-Id", "Implementation-Version", "Import-Package", "Include-Resource", "JCabi-Build", "JCabi-Date", "JCabi-Version", "Jar-Name", "Jar-Version", "Java-Vendor", "Java-Version", "Kotlin-Runtime-Component", "Kotlin-Version", "Log4jReleaseKey", "Log4jReleaseManager", "Log4jReleaseVersion", "Magma-Version", "Main-Class", "Manifest-Version", "Multi-Release", "Originally-Created-By", "Os-Arch", "Os-Name", "Os-Version", "Private-Package", "Provide-Capability", "Require-Bundle", "Require-Capability", "Scm-Connection", "Scm-Revision", "Scm-Url", "Specification-Title", "Specification-Vendor", "Specification-Version", "Spring-Boot-Classes", "Spring-Boot-Lib", "Spring-Boot-Version", "Start-Class", "Tool", "X-Compile-Source-JDK", "X-Compile-Target-JDK", "url"]
2020-08-24 11:50:43.097  INFO 7864 --- [XNIO-1 task-3] l.server.player.AudioLoaderRestHandler   : GET /loadtracks
2020-08-24 11:50:44.076  INFO 7864 --- [lava-daemon-pool-info-loader-2-thread-1] lavalink.server.player.AudioLoader       : Loaded playlist Search results for: hiccup
2020-08-24 11:50:47.274  INFO 7864 --- [XNIO-1 I/O-4] lavalink.server.io.SocketServer          : {"op":"play","guildId":"723188220598419597","track":"QAAArgIAOkhpY2N1cCBTb25nICsgTW9yZSBOdXJzZXJ5IFJoeW1lcyAmIEtpZHMgU29uZ3MgLSBDb0NvbWVsb24AGkNvY29tZWxvbiAtIE51cnNlcnkgUmh5bWVzAAAAAAAmd6gAC3licml3RThBTUZVAAEAK2h0dHBzOi8vd3d3LnlvdXR1YmUuY29tL3dhdGNoP3Y9eWJyaXdFOEFNRlUAB3lvdXR1YmUAAAAAAAAAAA==","volume":100}
2020-08-24 11:51:00.198  INFO 7864 --- [XNIO-1 task-5] l.server.player.AudioLoaderRestHandler   : GET /loadtracks
2020-08-24 11:51:01.015  INFO 7864 --- [lava-daemon-pool-info-loader-2-thread-1] lavalink.server.player.AudioLoader       : Loaded playlist Search results for: centuries
2020-08-24 11:51:13.916  INFO 7864 --- [XNIO-1 I/O-4] lavalink.server.io.SocketServer          : {"op":"stop","guildId":"723188220598419597"}
2020-08-24 11:51:13.918  INFO 7864 --- [XNIO-1 I/O-4] lavalink.server.io.SocketServer          : {"op":"play","guildId":"723188220598419597","track":"QAAAlQIAL0ZhbGwgT3V0IEJveSAtIENlbnR1cmllcyAoT2ZmaWNpYWwgTXVzaWMgVmlkZW8pAAxGYWxsIE91dCBCb3kAAAAAAAQmgAALTEJyN2tFQ3NqY1EAAQAraHR0cHM6Ly93d3cueW91dHViZS5jb20vd2F0Y2g/dj1MQnI3a0VDc2pjUQAHeW91dHViZQAAAAAAAAAA","volume":100}
2020-08-24 11:51:21.425  INFO 7864 --- [XNIO-1 task-7] l.server.player.AudioLoaderRestHandler   : GET /loadtracks
2020-08-24 11:51:22.039  INFO 7864 --- [lava-daemon-pool-info-loader-2-thread-1] lavalink.server.player.AudioLoader       : Loaded playlist Search results for: hiccup
2020-08-24 11:52:28.407  INFO 7864 --- [XNIO-1 task-9] l.server.player.AudioLoaderRestHandler   : GET /loadtracks
2020-08-24 11:52:29.015  INFO 7864 --- [lava-daemon-pool-info-loader-2-thread-1] lavalink.server.player.AudioLoader       : Loaded track Hiccup
2020-08-24 11:53:29.904  INFO 7864 --- [XNIO-1 I/O-4] lavalink.server.io.SocketServer          : {"op":"stop","guildId":"723188220598419597"}
2020-08-24 11:53:29.905  INFO 7864 --- [XNIO-1 I/O-4] lavalink.server.io.SocketServer          : {"op":"play","guildId":"723188220598419597","track":"QAAAcAIABkhpY2N1cAAQVmVyemFjaGUgLSBUb3BpYwAAAAAAA6mAAAtDZWxVZzhFV3VFTQABACtodHRwczovL3d3dy55b3V0dWJlLmNvbS93YXRjaD92PUNlbFVnOEVXdUVNAAd5b3V0dWJlAAAAAAAAAAA=","volume":100}
2020-08-24 11:53:33.366  INFO 7864 --- [XNIO-1 I/O-4] lavalink.server.io.SocketServer          : {"op":"stop","guildId":"723188220598419597"}
2020-08-24 11:53:33.367  INFO 7864 --- [XNIO-1 I/O-4] lavalink.server.io.SocketServer          : {"op":"play","guildId":"723188220598419597","track":"QAAAfQIAEXZlcnphY2hlIC0gaGljY3VwABJteXN0ZXJ5bWFjaGluZWNsdWIAAAAAAAOtaAALcW5JTE5qUldLTmsAAQAraHR0cHM6Ly93d3cueW91dHViZS5jb20vd2F0Y2g/dj1xbklMTmpSV0tOawAHeW91dHViZQAAAAAAAAAA","volume":100}
2020-08-24 11:53:36.619  INFO 7864 --- [XNIO-1 I/O-4] lavalink.server.io.SocketServer          : {"op":"stop","guildId":"723188220598419597"}
2020-08-24 11:53:49.847  INFO 7864 --- [XNIO-1 I/O-4] lavalink.server.io.SocketServer          : {"op":"destroy","guildId":"723188220598419597"}
